<?xml version="1.0" encoding="UTF-8"?>
<!-- Generated by org.testng.reporters.JUnitReportReporter -->
<testsuite hostname="5cd9173ngt" name="runner.testrunner" tests="1" failures="0" timestamp="11 Jul 2020 13:29:38 GMT" time="21.619" errors="0">
  <testcase name="run_cukes" time="21.619" classname="runner.testrunner"/>
</testsuite> <!-- runner.testrunner -->
