<?xml version="1.0" encoding="UTF-8"?>
<!-- Generated by org.testng.reporters.JUnitReportReporter -->
<testsuite hostname="IN-00001287" name="runner.testrunner" tests="1" failures="0" timestamp="11 Jul 2020 16:23:56 GMT" time="29.202" errors="0">
  <testcase name="run_cukes" time="29.202" classname="runner.testrunner"/>
</testsuite> <!-- runner.testrunner -->
